[     140ms] [INFO] %cDownload the React DevTools for a better development experience: https://react.dev/link/react-devtools font-weight:bold @ http://localhost:5174/node_modules/.vite/deps/react-dom_client.js?v=5275549a:20102
[    5865ms] [ERROR] Access to XMLHttpRequest at 'http://localhost:4000/socket.io/?EIO=4&transport=polling&t=cd6u5x0w' from origin 'http://localhost:5174' has been blocked by CORS policy: The 'Access-Control-Allow-Origin' header has a value 'http://localhost:5173' that is not equal to the supplied origin. @ http://localhost:5174/:0
[    5865ms] [ERROR] Failed to load resource: net::ERR_FAILED @ http://localhost:4000/socket.io/?EIO=4&transport=polling&t=cd6u5x0w:0
[    7248ms] [ERROR] Access to XMLHttpRequest at 'http://localhost:4000/socket.io/?EIO=4&transport=polling&t=cd7wyw85' from origin 'http://localhost:5174' has been blocked by CORS policy: The 'Access-Control-Allow-Origin' header has a value 'http://localhost:5173' that is not equal to the supplied origin. @ http://localhost:5174/:0
[    7249ms] [ERROR] Failed to load resource: net::ERR_FAILED @ http://localhost:4000/socket.io/?EIO=4&transport=polling&t=cd7wyw85:0
[   10186ms] [ERROR] Access to XMLHttpRequest at 'http://localhost:4000/socket.io/?EIO=4&transport=polling&t=cda6kkig' from origin 'http://localhost:5174' has been blocked by CORS policy: The 'Access-Control-Allow-Origin' header has a value 'http://localhost:5173' that is not equal to the supplied origin. @ http://localhost:5174/:0
[   10186ms] [ERROR] Failed to load resource: net::ERR_FAILED @ http://localhost:4000/socket.io/?EIO=4&transport=polling&t=cda6kkig:0
[   12884ms] [ERROR] Access to XMLHttpRequest at 'http://localhost:4000/socket.io/?EIO=4&transport=polling&t=cdc9j74u' from origin 'http://localhost:5174' has been blocked by CORS policy: The 'Access-Control-Allow-Origin' header has a value 'http://localhost:5173' that is not equal to the supplied origin. @ http://localhost:5174/:0
[   12885ms] [ERROR] Failed to load resource: net::ERR_FAILED @ http://localhost:4000/socket.io/?EIO=4&transport=polling&t=cdc9j74u:0
[   17892ms] [ERROR] Access to XMLHttpRequest at 'http://localhost:4000/socket.io/?EIO=4&transport=polling&t=cdg4n8t9' from origin 'http://localhost:5174' has been blocked by CORS policy: The 'Access-Control-Allow-Origin' header has a value 'http://localhost:5173' that is not equal to the supplied origin. @ http://localhost:5174/:0
[   17893ms] [ERROR] Failed to load resource: net::ERR_FAILED @ http://localhost:4000/socket.io/?EIO=4&transport=polling&t=cdg4n8t9:0
[   22902ms] [ERROR] Access to XMLHttpRequest at 'http://localhost:4000/socket.io/?EIO=4&transport=polling&t=cdjztm7m' from origin 'http://localhost:5174' has been blocked by CORS policy: The 'Access-Control-Allow-Origin' header has a value 'http://localhost:5173' that is not equal to the supplied origin. @ http://localhost:5174/:0
[   22902ms] [ERROR] Failed to load resource: net::ERR_FAILED @ http://localhost:4000/socket.io/?EIO=4&transport=polling&t=cdjztm7m:0
[   27921ms] [ERROR] Access to XMLHttpRequest at 'http://localhost:4000/socket.io/?EIO=4&transport=polling&t=cdnv8fga' from origin 'http://localhost:5174' has been blocked by CORS policy: The 'Access-Control-Allow-Origin' header has a value 'http://localhost:5173' that is not equal to the supplied origin. @ http://localhost:5174/:0
[   27921ms] [ERROR] Failed to load resource: net::ERR_FAILED @ http://localhost:4000/socket.io/?EIO=4&transport=polling&t=cdnv8fga:0
[   32936ms] [ERROR] Access to XMLHttpRequest at 'http://localhost:4000/socket.io/?EIO=4&transport=polling&t=cdrqkbgi' from origin 'http://localhost:5174' has been blocked by CORS policy: The 'Access-Control-Allow-Origin' header has a value 'http://localhost:5173' that is not equal to the supplied origin. @ http://localhost:5174/:0
[   32936ms] [ERROR] Failed to load resource: net::ERR_FAILED @ http://localhost:4000/socket.io/?EIO=4&transport=polling&t=cdrqkbgi:0
[   37944ms] [ERROR] Access to XMLHttpRequest at 'http://localhost:4000/socket.io/?EIO=4&transport=polling&t=cdvlocq0' from origin 'http://localhost:5174' has been blocked by CORS policy: The 'Access-Control-Allow-Origin' header has a value 'http://localhost:5173' that is not equal to the supplied origin. @ http://localhost:5174/:0
[   37944ms] [ERROR] Failed to load resource: net::ERR_FAILED @ http://localhost:4000/socket.io/?EIO=4&transport=polling&t=cdvlocq0:0
[   42960ms] [ERROR] Access to XMLHttpRequest at 'http://localhost:4000/socket.io/?EIO=4&transport=polling&t=cdzgzntc' from origin 'http://localhost:5174' has been blocked by CORS policy: The 'Access-Control-Allow-Origin' header has a value 'http://localhost:5173' that is not equal to the supplied origin. @ http://localhost:5174/:0
[   42961ms] [ERROR] Failed to load resource: net::ERR_FAILED @ http://localhost:4000/socket.io/?EIO=4&transport=polling&t=cdzgzntc:0
[   47983ms] [ERROR] Access to XMLHttpRequest at 'http://localhost:4000/socket.io/?EIO=4&transport=polling&t=ce3cjrzu' from origin 'http://localhost:5174' has been blocked by CORS policy: The 'Access-Control-Allow-Origin' header has a value 'http://localhost:5173' that is not equal to the supplied origin. @ http://localhost:5174/:0
[   47983ms] [ERROR] Failed to load resource: net::ERR_FAILED @ http://localhost:4000/socket.io/?EIO=4&transport=polling&t=ce3cjrzu:0
[   53005ms] [ERROR] Access to XMLHttpRequest at 'http://localhost:4000/socket.io/?EIO=4&transport=polling&t=ce77zalg' from origin 'http://localhost:5174' has been blocked by CORS policy: The 'Access-Control-Allow-Origin' header has a value 'http://localhost:5173' that is not equal to the supplied origin. @ http://localhost:5174/:0
[   53005ms] [ERROR] Failed to load resource: net::ERR_FAILED @ http://localhost:4000/socket.io/?EIO=4&transport=polling&t=ce77zalg:0
[   58014ms] [ERROR] Access to XMLHttpRequest at 'http://localhost:4000/socket.io/?EIO=4&transport=polling&t=ceb37d3f' from origin 'http://localhost:5174' has been blocked by CORS policy: The 'Access-Control-Allow-Origin' header has a value 'http://localhost:5173' that is not equal to the supplied origin. @ http://localhost:5174/:0
[   58014ms] [ERROR] Failed to load resource: net::ERR_FAILED @ http://localhost:4000/socket.io/?EIO=4&transport=polling&t=ceb37d3f:0
[   63033ms] [ERROR] Access to XMLHttpRequest at 'http://localhost:4000/socket.io/?EIO=4&transport=polling&t=ceeyk1lt' from origin 'http://localhost:5174' has been blocked by CORS policy: The 'Access-Control-Allow-Origin' header has a value 'http://localhost:5173' that is not equal to the supplied origin. @ http://localhost:5174/:0
[   63033ms] [ERROR] Failed to load resource: net::ERR_FAILED @ http://localhost:4000/socket.io/?EIO=4&transport=polling&t=ceeyk1lt:0
[   68050ms] [ERROR] Access to XMLHttpRequest at 'http://localhost:4000/socket.io/?EIO=4&transport=polling&t=ceitzf0k' from origin 'http://localhost:5174' has been blocked by CORS policy: The 'Access-Control-Allow-Origin' header has a value 'http://localhost:5173' that is not equal to the supplied origin. @ http://localhost:5174/:0
[   68050ms] [ERROR] Failed to load resource: net::ERR_FAILED @ http://localhost:4000/socket.io/?EIO=4&transport=polling&t=ceitzf0k:0
[   90428ms] [ERROR] Failed to load resource: net::ERR_CONNECTION_REFUSED @ http://localhost:4000/socket.io/?EIO=4&transport=polling&t=ceya9b2c:0
