[      89ms] [INFO] %cDownload the React DevTools for a better development experience: https://react.dev/link/react-devtools font-weight:bold @ http://localhost:5174/node_modules/.vite/deps/react-dom_client.js?v=b0aa287e:20102
[ 7851913ms] [ERROR] Failed to load resource: net::ERR_CONNECTION_REFUSED @ http://localhost:4000/socket.io/?EIO=4&transport=polling&t=higxi976:0
[ 7856033ms] [ERROR] Failed to load resource: net::ERR_CONNECTION_REFUSED @ http://localhost:4000/socket.io/?EIO=4&transport=polling&t=hik4g15j:0
[ 7863381ms] [ERROR] Failed to load resource: net::ERR_CONNECTION_REFUSED @ http://localhost:4000/socket.io/?EIO=4&transport=polling&t=hipsk2xx:0
[ 7908387ms] [ERROR] Failed to load resource: net::ERR_CONNECTION_REFUSED @ http://localhost:4000/socket.io/?EIO=4&transport=polling&t=hjoictm2:0
[ 7912998ms] [ERROR] Failed to load resource: net::ERR_CONNECTION_REFUSED @ http://localhost:4000/socket.io/?EIO=4&transport=polling&t=hjsafv6g:0
[ 7917640ms] [ERROR] Failed to load resource: net::ERR_CONNECTION_REFUSED @ http://localhost:4000/socket.io/?EIO=4&transport=polling&t=hjvnbhxs:0
[ 7925001ms] [ERROR] Failed to load resource: net::ERR_CONNECTION_REFUSED @ http://localhost:4000/socket.io/?EIO=4&transport=polling&t=hk1bzcwn:0
[ 7932380ms] [ERROR] Failed to load resource: net::ERR_CONNECTION_REFUSED @ http://localhost:4000/socket.io/?EIO=4&transport=polling&t=hk705500:0
[ 7939744ms] [ERROR] Failed to load resource: net::ERR_CONNECTION_REFUSED @ http://localhost:4000/socket.io/?EIO=4&transport=polling&t=hkcp3tle:0
[ 7947117ms] [ERROR] Failed to load resource: net::ERR_CONNECTION_REFUSED @ http://localhost:4000/socket.io/?EIO=4&transport=polling&t=hkie2iyz:0
[ 7954470ms] [ERROR] Failed to load resource: net::ERR_CONNECTION_REFUSED @ http://localhost:4000/socket.io/?EIO=4&transport=polling&t=hko2rk2b:0
[ 7961838ms] [ERROR] Failed to load resource: net::ERR_CONNECTION_REFUSED @ http://localhost:4000/socket.io/?EIO=4&transport=polling&t=hktr4f72:0
[ 7969197ms] [ERROR] Failed to load resource: net::ERR_CONNECTION_REFUSED @ http://localhost:4000/socket.io/?EIO=4&transport=polling&t=hkzfnsln:0
[ 7976553ms] [ERROR] Failed to load resource: net::ERR_CONNECTION_REFUSED @ http://localhost:4000/socket.io/?EIO=4&transport=polling&t=hl5418wj:0
[ 7983911ms] [ERROR] Failed to load resource: net::ERR_CONNECTION_REFUSED @ http://localhost:4000/socket.io/?EIO=4&transport=polling&t=hlascfsb:0
[ 7991288ms] [ERROR] Failed to load resource: net::ERR_CONNECTION_REFUSED @ http://localhost:4000/socket.io/?EIO=4&transport=polling&t=hlggq7bq:0
[ 7998658ms] [ERROR] Failed to load resource: net::ERR_CONNECTION_REFUSED @ http://localhost:4000/socket.io/?EIO=4&transport=polling&t=hlm5rbea:0
[ 8006002ms] [ERROR] Failed to load resource: net::ERR_CONNECTION_REFUSED @ http://localhost:4000/socket.io/?EIO=4&transport=polling&t=hlruile2:0
[ 8013356ms] [ERROR] Failed to load resource: net::ERR_CONNECTION_REFUSED @ http://localhost:4000/socket.io/?EIO=4&transport=polling&t=hlxibmzv:0
[ 8020714ms] [ERROR] Failed to load resource: net::ERR_CONNECTION_REFUSED @ http://localhost:4000/socket.io/?EIO=4&transport=polling&t=hm36lvfe:0
[ 8028072ms] [ERROR] Failed to load resource: net::ERR_CONNECTION_REFUSED @ http://localhost:4000/socket.io/?EIO=4&transport=polling&t=hm8uu028:0
[ 8035421ms] [ERROR] Failed to load resource: net::ERR_CONNECTION_REFUSED @ http://localhost:4000/socket.io/?EIO=4&transport=polling&t=hmej9e6x:0
[ 8042766ms] [ERROR] Failed to load resource: net::ERR_CONNECTION_REFUSED @ http://localhost:4000/socket.io/?EIO=4&transport=polling&t=hmk7fx2h:0
[ 8050117ms] [ERROR] Failed to load resource: net::ERR_CONNECTION_REFUSED @ http://localhost:4000/socket.io/?EIO=4&transport=polling&t=hmpvlf92:0
[ 8247342ms] [ERROR] Failed to load resource: net::ERR_CONNECTION_REFUSED @ http://localhost:4000/socket.io/?EIO=4&transport=polling&t=hqy1hzuf:0
[ 8251487ms] [ERROR] Failed to load resource: net::ERR_CONNECTION_REFUSED @ http://localhost:4000/socket.io/?EIO=4&transport=polling&t=hr18tqxg:0
[ 8256933ms] [ERROR] Failed to load resource: net::ERR_CONNECTION_REFUSED @ http://localhost:4000/socket.io/?EIO=4&transport=polling&t=hr6xah8n:0
[ 8264277ms] [ERROR] Failed to load resource: net::ERR_CONNECTION_REFUSED @ http://localhost:4000/socket.io/?EIO=4&transport=polling&t=hrb4pqg7:0
[ 8271624ms] [ERROR] Failed to load resource: net::ERR_CONNECTION_REFUSED @ http://localhost:4000/socket.io/?EIO=4&transport=polling&t=hrgso3qc:0
[ 9331569ms] [ERROR] Failed to load resource: the server responded with a status of 404 (Not Found) @ http://localhost:4000/api/rooms/HB2N:0
