[      73ms] [INFO] %cDownload the React DevTools for a better development experience: https://react.dev/link/react-devtools font-weight:bold @ http://localhost:5174/node_modules/.vite/deps/react-dom_client.js?v=b0aa287e:20102
[ 7869445ms] [ERROR] Failed to load resource: net::ERR_CONNECTION_REFUSED @ http://localhost:4000/socket.io/?EIO=4&transport=polling&t=higqvzoo:0
[ 7874061ms] [ERROR] Failed to load resource: net::ERR_CONNECTION_REFUSED @ http://localhost:4000/socket.io/?EIO=4&transport=polling&t=hikihz2w:0
[ 7881169ms] [ERROR] Failed to load resource: net::ERR_CONNECTION_REFUSED @ http://localhost:4000/socket.io/?EIO=4&transport=polling&t=hipsvpih:0
[ 7926031ms] [ERROR] Failed to load resource: net::ERR_CONNECTION_REFUSED @ http://localhost:4000/socket.io/?EIO=4&transport=polling&t=hjoexcl8:0
[ 7930514ms] [ERROR] Failed to load resource: net::ERR_CONNECTION_REFUSED @ http://localhost:4000/socket.io/?EIO=4&transport=polling&t=hjrvdfcj:0
[ 7935678ms] [ERROR] Failed to load resource: net::ERR_CONNECTION_REFUSED @ http://localhost:4000/socket.io/?EIO=4&transport=polling&t=hjw0rc4k:0
[ 7943042ms] [ERROR] Failed to load resource: net::ERR_CONNECTION_REFUSED @ http://localhost:4000/socket.io/?EIO=4&transport=polling&t=hk1jfrnl:0
[ 7950387ms] [ERROR] Failed to load resource: net::ERR_CONNECTION_REFUSED @ http://localhost:4000/socket.io/?EIO=4&transport=polling&t=hk784pjh:0
[ 7957737ms] [ERROR] Failed to load resource: net::ERR_CONNECTION_REFUSED @ http://localhost:4000/socket.io/?EIO=4&transport=polling&t=hkcvw845:0
[ 7965087ms] [ERROR] Failed to load resource: net::ERR_CONNECTION_REFUSED @ http://localhost:4000/socket.io/?EIO=4&transport=polling&t=hkikam1e:0
[ 7972438ms] [ERROR] Failed to load resource: net::ERR_CONNECTION_REFUSED @ http://localhost:4000/socket.io/?EIO=4&transport=polling&t=hko8ak2w:0
[ 7979791ms] [ERROR] Failed to load resource: net::ERR_CONNECTION_REFUSED @ http://localhost:4000/socket.io/?EIO=4&transport=polling&t=hktwdg0d:0
[ 7987154ms] [ERROR] Failed to load resource: net::ERR_CONNECTION_REFUSED @ http://localhost:4000/socket.io/?EIO=4&transport=polling&t=hkzkvw1b:0
[ 7994513ms] [ERROR] Failed to load resource: net::ERR_CONNECTION_REFUSED @ http://localhost:4000/socket.io/?EIO=4&transport=polling&t=hl597qlq:0
[ 8001885ms] [ERROR] Failed to load resource: net::ERR_CONNECTION_REFUSED @ http://localhost:4000/socket.io/?EIO=4&transport=polling&t=hlaxslv1:0
[ 8009235ms] [ERROR] Failed to load resource: net::ERR_CONNECTION_REFUSED @ http://localhost:4000/socket.io/?EIO=4&transport=polling&t=hlgme6kx:0
[ 8016599ms] [ERROR] Failed to load resource: net::ERR_CONNECTION_REFUSED @ http://localhost:4000/socket.io/?EIO=4&transport=polling&t=hlmao0la:0
[ 8023963ms] [ERROR] Failed to load resource: net::ERR_CONNECTION_REFUSED @ http://localhost:4000/socket.io/?EIO=4&transport=polling&t=hlrz1fk7:0
[ 8031293ms] [ERROR] Failed to load resource: net::ERR_CONNECTION_REFUSED @ http://localhost:4000/socket.io/?EIO=4&transport=polling&t=hlxnq2af:0
[ 8038652ms] [ERROR] Failed to load resource: net::ERR_CONNECTION_REFUSED @ http://localhost:4000/socket.io/?EIO=4&transport=polling&t=hm3b8cry:0
[ 8046019ms] [ERROR] Failed to load resource: net::ERR_CONNECTION_REFUSED @ http://localhost:4000/socket.io/?EIO=4&transport=polling&t=hm8zvh0y:0
[ 8053377ms] [ERROR] Failed to load resource: net::ERR_CONNECTION_REFUSED @ http://localhost:4000/socket.io/?EIO=4&transport=polling&t=hmeo6inf:0
[ 8060723ms] [ERROR] Failed to load resource: net::ERR_CONNECTION_REFUSED @ http://localhost:4000/socket.io/?EIO=4&transport=polling&t=hmkcoivm:0
[ 8068073ms] [ERROR] Failed to load resource: net::ERR_CONNECTION_REFUSED @ http://localhost:4000/socket.io/?EIO=4&transport=polling&t=hmq0o9ub:0
[ 8265110ms] [ERROR] Failed to load resource: net::ERR_CONNECTION_REFUSED @ http://localhost:4000/socket.io/?EIO=4&transport=polling&t=hqy1hd57:0
[ 8269512ms] [ERROR] Failed to load resource: net::ERR_CONNECTION_REFUSED @ http://localhost:4000/socket.io/?EIO=4&transport=polling&t=hr26rgtn:0
[ 8274455ms] [ERROR] Failed to load resource: net::ERR_CONNECTION_REFUSED @ http://localhost:4000/socket.io/?EIO=4&transport=polling&t=hr59tv1i:0
[ 8281804ms] [ERROR] Failed to load resource: net::ERR_CONNECTION_REFUSED @ http://localhost:4000/socket.io/?EIO=4&transport=polling&t=hraxsoqs:0
[ 8289146ms] [ERROR] Failed to load resource: net::ERR_CONNECTION_REFUSED @ http://localhost:4000/socket.io/?EIO=4&transport=polling&t=hrglz7py:0
