[      68ms] [INFO] %cDownload the React DevTools for a better development experience: https://react.dev/link/react-devtools font-weight:bold @ http://localhost:5174/node_modules/.vite/deps/react-dom_client.js?v=5275549a:20102
[   34317ms] [ERROR] Access to XMLHttpRequest at 'http://localhost:4000/socket.io/?EIO=4&transport=polling&t=cdjmptqs' from origin 'http://localhost:5174' has been blocked by CORS policy: The 'Access-Control-Allow-Origin' header has a value 'http://localhost:5173' that is not equal to the supplied origin. @ http://localhost:5174/:0
[   34318ms] [ERROR] Failed to load resource: net::ERR_FAILED @ http://localhost:4000/socket.io/?EIO=4&transport=polling&t=cdjmptqs:0
[   34887ms] [ERROR] Access to XMLHttpRequest at 'http://localhost:4000/socket.io/?EIO=4&transport=polling&t=cdk2teyo' from origin 'http://localhost:5174' has been blocked by CORS policy: The 'Access-Control-Allow-Origin' header has a value 'http://localhost:5173' that is not equal to the supplied origin. @ http://localhost:5174/:0
[   34888ms] [ERROR] Failed to load resource: net::ERR_FAILED @ http://localhost:4000/socket.io/?EIO=4&transport=polling&t=cdk2teyo:0
[   37875ms] [ERROR] Access to XMLHttpRequest at 'http://localhost:4000/socket.io/?EIO=4&transport=polling&t=cdmduotu' from origin 'http://localhost:5174' has been blocked by CORS policy: The 'Access-Control-Allow-Origin' header has a value 'http://localhost:5173' that is not equal to the supplied origin. @ http://localhost:5174/:0
[   37875ms] [ERROR] Failed to load resource: net::ERR_FAILED @ http://localhost:4000/socket.io/?EIO=4&transport=polling&t=cdmduotu:0
[   42898ms] [ERROR] Access to XMLHttpRequest at 'http://localhost:4000/socket.io/?EIO=4&transport=polling&t=cdq9bqmj' from origin 'http://localhost:5174' has been blocked by CORS policy: The 'Access-Control-Allow-Origin' header has a value 'http://localhost:5173' that is not equal to the supplied origin. @ http://localhost:5174/:0
[   42898ms] [ERROR] Failed to load resource: net::ERR_FAILED @ http://localhost:4000/socket.io/?EIO=4&transport=polling&t=cdq9bqmj:0
[   47913ms] [ERROR] Access to XMLHttpRequest at 'http://localhost:4000/socket.io/?EIO=4&transport=polling&t=cdu4mqdh' from origin 'http://localhost:5174' has been blocked by CORS policy: The 'Access-Control-Allow-Origin' header has a value 'http://localhost:5173' that is not equal to the supplied origin. @ http://localhost:5174/:0
[   47914ms] [ERROR] Failed to load resource: net::ERR_FAILED @ http://localhost:4000/socket.io/?EIO=4&transport=polling&t=cdu4mqdh:0
[   52932ms] [ERROR] Access to XMLHttpRequest at 'http://localhost:4000/socket.io/?EIO=4&transport=polling&t=cdy039wf' from origin 'http://localhost:5174' has been blocked by CORS policy: The 'Access-Control-Allow-Origin' header has a value 'http://localhost:5173' that is not equal to the supplied origin. @ http://localhost:5174/:0
[   52932ms] [ERROR] Failed to load resource: net::ERR_FAILED @ http://localhost:4000/socket.io/?EIO=4&transport=polling&t=cdy039wf:0
[   57951ms] [ERROR] Access to XMLHttpRequest at 'http://localhost:4000/socket.io/?EIO=4&transport=polling&t=ce1vhowb' from origin 'http://localhost:5174' has been blocked by CORS policy: The 'Access-Control-Allow-Origin' header has a value 'http://localhost:5173' that is not equal to the supplied origin. @ http://localhost:5174/:0
[   57952ms] [ERROR] Failed to load resource: net::ERR_FAILED @ http://localhost:4000/socket.io/?EIO=4&transport=polling&t=ce1vhowb:0
[   62959ms] [ERROR] Access to XMLHttpRequest at 'http://localhost:4000/socket.io/?EIO=4&transport=polling&t=ce5qlvbp' from origin 'http://localhost:5174' has been blocked by CORS policy: The 'Access-Control-Allow-Origin' header has a value 'http://localhost:5173' that is not equal to the supplied origin. @ http://localhost:5174/:0
[   62959ms] [ERROR] Failed to load resource: net::ERR_FAILED @ http://localhost:4000/socket.io/?EIO=4&transport=polling&t=ce5qlvbp:0
[   67978ms] [ERROR] Access to XMLHttpRequest at 'http://localhost:4000/socket.io/?EIO=4&transport=polling&t=ce9lzm1v' from origin 'http://localhost:5174' has been blocked by CORS policy: The 'Access-Control-Allow-Origin' header has a value 'http://localhost:5173' that is not equal to the supplied origin. @ http://localhost:5174/:0
[   67979ms] [ERROR] Failed to load resource: net::ERR_FAILED @ http://localhost:4000/socket.io/?EIO=4&transport=polling&t=ce9lzm1v:0
[   72990ms] [ERROR] Access to XMLHttpRequest at 'http://localhost:4000/socket.io/?EIO=4&transport=polling&t=cedh7dzz' from origin 'http://localhost:5174' has been blocked by CORS policy: The 'Access-Control-Allow-Origin' header has a value 'http://localhost:5173' that is not equal to the supplied origin. @ http://localhost:5174/:0
[   72990ms] [ERROR] Failed to load resource: net::ERR_FAILED @ http://localhost:4000/socket.io/?EIO=4&transport=polling&t=cedh7dzz:0
[   78000ms] [ERROR] Access to XMLHttpRequest at 'http://localhost:4000/socket.io/?EIO=4&transport=polling&t=cehcf0ls' from origin 'http://localhost:5174' has been blocked by CORS policy: The 'Access-Control-Allow-Origin' header has a value 'http://localhost:5173' that is not equal to the supplied origin. @ http://localhost:5174/:0
[   78000ms] [ERROR] Failed to load resource: net::ERR_FAILED @ http://localhost:4000/socket.io/?EIO=4&transport=polling&t=cehcf0ls:0
[  102307ms] [ERROR] Failed to load resource: net::ERR_CONNECTION_REFUSED @ http://localhost:4000/socket.io/?EIO=4&transport=polling&t=ceyabg4x:0
